<?xml version="1.0" encoding="UTF-8"?>
<!-- Generated by org.testng.reporters.JUnitXMLReporter -->
<testsuite ignored="0" hostname="DESKTOP-VTK6SV9" failures="0" tests="3" name="Default test" time="15.524" errors="0" timestamp="2021-04-19T00:51:55 IST">
  <testcase classname="com.qa.opencartdemo.ApplicationTest" name="launchBrowserTest" time="0.849"/>
  <testcase classname="com.qa.opencartdemo.ApplicationTest" name="login" time="5.471"/>
  <testcase classname="com.qa.opencartdemo.ApplicationTest" name="logout" time="2.549"/>
</testsuite> <!-- Default test -->
