<?xml version="1.0" encoding="UTF-8"?>
<testng-results ignored="0" total="3" passed="3" failed="0" skipped="0">
  <reporter-output>
  </reporter-output>
  <suite started-at="2021-04-19T00:51:40 IST" name="Default suite" finished-at="2021-04-19T00:51:55 IST" duration-ms="15524">
    <groups>
    </groups>
    <test started-at="2021-04-19T00:51:40 IST" name="Default test" finished-at="2021-04-19T00:51:55 IST" duration-ms="15524">
      <class name="com.qa.opencartdemo.ApplicationTest">
        <test-method is-config="true" signature="launchBrowser()[pri:0, instance:com.qa.opencartdemo.ApplicationTest@79207381]" started-at="2021-04-19T00:51:40 IST" name="launchBrowser" finished-at="2021-04-19T00:51:46 IST" duration-ms="6278" status="PASS">
          <reporter-output>
          </reporter-output>
        </test-method> <!-- launchBrowser -->
        <test-method is-config="true" signature="setup(java.lang.reflect.Method)[pri:0, instance:com.qa.opencartdemo.ApplicationTest@79207381]" started-at="2021-04-19T00:51:46 IST" name="setup" finished-at="2021-04-19T00:51:46 IST" duration-ms="11" status="PASS">
          <params>
            <param index="0">
              <value>
                <![CDATA[public void com.qa.opencartdemo.ApplicationTest.launchBrowserTest()]]>
              </value>
            </param>
          </params>
          <reporter-output>
          </reporter-output>
        </test-method> <!-- setup -->
        <test-method signature="launchBrowserTest()[pri:0, instance:com.qa.opencartdemo.ApplicationTest@79207381]" started-at="2021-04-19T00:51:46 IST" name="launchBrowserTest" finished-at="2021-04-19T00:51:47 IST" duration-ms="849" status="PASS">
          <reporter-output>
          </reporter-output>
        </test-method> <!-- launchBrowserTest -->
        <test-method is-config="true" signature="checkStatus(org.testng.ITestResult)[pri:0, instance:com.qa.opencartdemo.ApplicationTest@79207381]" started-at="2021-04-19T00:51:47 IST" name="checkStatus" finished-at="2021-04-19T00:51:47 IST" duration-ms="147" status="PASS">
          <params>
            <param index="0">
              <value>
                <![CDATA[[TestResult name=launchBrowserTest status=SUCCESS method=ApplicationTest.launchBrowserTest()[pri:0, instance:com.qa.opencartdemo.ApplicationTest@79207381] output={null}]]]>
              </value>
            </param>
          </params>
          <reporter-output>
          </reporter-output>
        </test-method> <!-- checkStatus -->
        <test-method is-config="true" signature="setup(java.lang.reflect.Method)[pri:0, instance:com.qa.opencartdemo.ApplicationTest@79207381]" started-at="2021-04-19T00:51:47 IST" name="setup" finished-at="2021-04-19T00:51:47 IST" duration-ms="1" status="PASS">
          <params>
            <param index="0">
              <value>
                <![CDATA[public void com.qa.opencartdemo.ApplicationTest.login() throws java.io.IOException]]>
              </value>
            </param>
          </params>
          <reporter-output>
          </reporter-output>
        </test-method> <!-- setup -->
        <test-method signature="login()[pri:1, instance:com.qa.opencartdemo.ApplicationTest@79207381]" started-at="2021-04-19T00:51:47 IST" name="login" finished-at="2021-04-19T00:51:52 IST" duration-ms="5471" status="PASS">
          <reporter-output>
          </reporter-output>
        </test-method> <!-- login -->
        <test-method is-config="true" signature="checkStatus(org.testng.ITestResult)[pri:0, instance:com.qa.opencartdemo.ApplicationTest@79207381]" started-at="2021-04-19T00:51:52 IST" name="checkStatus" finished-at="2021-04-19T00:51:53 IST" duration-ms="72" status="PASS">
          <params>
            <param index="0">
              <value>
                <![CDATA[[TestResult name=login status=SUCCESS method=ApplicationTest.login()[pri:1, instance:com.qa.opencartdemo.ApplicationTest@79207381] output={null}]]]>
              </value>
            </param>
          </params>
          <reporter-output>
          </reporter-output>
        </test-method> <!-- checkStatus -->
        <test-method is-config="true" signature="setup(java.lang.reflect.Method)[pri:0, instance:com.qa.opencartdemo.ApplicationTest@79207381]" started-at="2021-04-19T00:51:53 IST" name="setup" finished-at="2021-04-19T00:51:53 IST" duration-ms="0" status="PASS">
          <params>
            <param index="0">
              <value>
                <![CDATA[public void com.qa.opencartdemo.ApplicationTest.logout()]]>
              </value>
            </param>
          </params>
          <reporter-output>
          </reporter-output>
        </test-method> <!-- setup -->
        <test-method signature="logout()[pri:2, instance:com.qa.opencartdemo.ApplicationTest@79207381]" started-at="2021-04-19T00:51:53 IST" name="logout" finished-at="2021-04-19T00:51:55 IST" duration-ms="2549" status="PASS">
          <reporter-output>
          </reporter-output>
        </test-method> <!-- logout -->
        <test-method is-config="true" signature="checkStatus(org.testng.ITestResult)[pri:0, instance:com.qa.opencartdemo.ApplicationTest@79207381]" started-at="2021-04-19T00:51:55 IST" name="checkStatus" finished-at="2021-04-19T00:51:55 IST" duration-ms="80" status="PASS">
          <params>
            <param index="0">
              <value>
                <![CDATA[[TestResult name=logout status=SUCCESS method=ApplicationTest.logout()[pri:2, instance:com.qa.opencartdemo.ApplicationTest@79207381] output={null}]]]>
              </value>
            </param>
          </params>
          <reporter-output>
          </reporter-output>
        </test-method> <!-- checkStatus -->
      </class> <!-- com.qa.opencartdemo.ApplicationTest -->
    </test> <!-- Default test -->
  </suite> <!-- Default suite -->
</testng-results>
